<?xml version="1.0" encoding="utf-8"?><testsuites name="pytest tests"><testsuite name="pytest" errors="0" failures="0" skipped="5" tests="146" time="3.617" timestamp="2026-09-25T13:49:22.799563+00:00" hostname="devin-box"><testcase classname="transactions.tests.test_auth" name="test_anonymous_is_rejected[transaction_history]" time="0.152" /><testcase classname="transactions.tests.test_auth" name="test_anonymous_is_rejected[deposit_list]" time="0.004" /><testcase classname="transactions.tests.test_auth" name="test_anonymous_is_rejected[transfer_history]" time="0.003" /><testcase classname="transactions.tests.test_auth" name="test_anonymous_is_rejected[debit_card_transactions_history]" time="0.004" /><testcase classname="transactions.tests.test_auth" name="test_anonymous_is_rejected[deposit_creation]" time="0.004" /><testcase classname="transactions.tests.test_auth" name="test_anonymous_is_rejected[transfer_creation]" time="0.004" /><testcase classname="transactions.tests.test_auth" name="test_anonymous_is_rejected[debit_card_payment]" time="0.003" /><testcase classname="transactions.tests.test_auth" name="test_anonymous_is_rejected_on_detail[transaction_detail]" time="0.004" /><testcase classname="transactions.tests.test_auth" name="test_anonymous_is_rejected_on_detail[deposit_detail]" time="0.004" /><testcase classname="transactions.tests.test_auth" name="test_anonymous_is_rejected_on_detail[transfer_detail]" time="0.004" /><testcase classname="transactions.tests.test_auth" name="test_anonymous_is_rejected_on_detail[debit_card_transaction_detail]" time="0.004" /><testcase classname="transactions.tests.test_auth" name="test_every_supported_auth_scheme_is_accepted[auth_client]" time="0.022" /><testcase classname="transactions.tests.test_auth" name="test_every_supported_auth_scheme_is_accepted[cookie_client]" time="0.007" /><testcase classname="transactions.tests.test_auth" name="test_every_supported_auth_scheme_is_accepted[basic_client]" time="0.006" /><testcase classname="transactions.tests.test_auth" name="test_every_supported_auth_scheme_is_accepted[session_client]" time="0.010" /><testcase classname="transactions.tests.test_auth" name="test_tampered_jwt_is_rejected" time="0.008" /><testcase classname="transactions.tests.test_auth" name="test_expired_jwt_is_rejected" time="0.005" /><testcase classname="transactions.tests.test_auth" name="test_jwt_for_deleted_user_is_rejected" time="0.007" /><testcase classname="transactions.tests.test_auth" name="test_cookie_token_does_not_override_explicit_header" time="0.005" /><testcase classname="transactions.tests.test_auth" name="test_admin_endpoints_forbid_regular_users[admin_transaction_list]" time="0.015" /><testcase classname="transactions.tests.test_auth" name="test_admin_endpoints_forbid_regular_users[admin_transaction_detail]" time="0.015" /><testcase classname="transactions.tests.test_auth" name="test_admin_endpoints_allow_admin" time="0.031" /><testcase classname="transactions.tests.test_auth" name="test_lists_never_leak_other_users_transactions[transaction_history]" time="0.027" /><testcase classname="transactions.tests.test_auth" name="test_lists_never_leak_other_users_transactions[deposit_list]" time="0.025" /><testcase classname="transactions.tests.test_auth" name="test_lists_never_leak_other_users_transactions[transfer_history]" time="0.026" /><testcase classname="transactions.tests.test_auth" name="test_lists_never_leak_other_users_transactions[debit_card_transactions_history]" time="0.024" /><testcase classname="transactions.tests.test_known_defects" name="test_non_party_viewing_detail_gets_403_not_500[deposit_detail-DEPOSIT]" time="0.022"><skipped type="pytest.xfail" message="detail views reference `txn.transaction.date`; Transaction has no `transaction` attr" /></testcase><testcase classname="transactions.tests.test_known_defects" name="test_non_party_viewing_detail_gets_403_not_500[transfer_detail-TRANSFER]" time="0.018"><skipped type="pytest.xfail" message="detail views reference `txn.transaction.date`; Transaction has no `transaction` attr" /></testcase><testcase classname="transactions.tests.test_known_defects" name="test_non_party_viewing_detail_gets_403_not_500[debit_card_transaction_detail-DEBIT_CARD]" time="0.018"><skipped type="pytest.xfail" message="detail views reference `txn.transaction.date`; Transaction has no `transaction` attr" /></testcase><testcase classname="transactions.tests.test_known_defects" name="test_owner_viewing_own_transaction_is_not_flagged" time="0.022"><skipped type="pytest.xfail" message="TransactionDetail compares Account objects to the User, so every owner view is flagged as a security event" /></testcase><testcase classname="transactions.tests.test_known_defects" name="test_transaction_detail_hidden_from_unrelated_user" time="0.022"><skipped type="pytest.xfail" message="TransactionDetail does not enforce ownership; any authenticated user can read any transaction by UUID" /></testcase><testcase classname="transactions.tests.test_serializers" name="test_deposit_serializer_requires_account_and_amount" time="0.002" /><testcase classname="transactions.tests.test_serializers" name="test_deposit_serializer_rejects_non_integer_amounts[abc]" time="0.002" /><testcase classname="transactions.tests.test_serializers" name="test_deposit_serializer_rejects_non_integer_amounts[1.5]" time="0.002" /><testcase classname="transactions.tests.test_serializers" name="test_deposit_serializer_rejects_non_integer_amounts[]" time="0.002" /><testcase classname="transactions.tests.test_serializers" name="test_deposit_serializer_rejects_non_integer_amounts[None]" time="0.002" /><testcase classname="transactions.tests.test_serializers" name="test_deposit_serializer_ignores_read_only_client_input" time="0.002" /><testcase classname="transactions.tests.test_serializers" name="test_transfer_serializer_requires_both_accounts" time="0.002" /><testcase classname="transactions.tests.test_serializers" name="test_debit_card_serializer_requires_card_fields" time="0.003" /><testcase classname="transactions.tests.test_serializers" name="test_debit_card_serializer_cvv_max_length" time="0.002" /><testcase classname="transactions.tests.test_serializers" name="test_write_only_secrets_never_serialized" time="0.018" /><testcase classname="transactions.tests.test_serializers" name="test_transaction_serializer_nests_accounts" time="0.012" /><testcase classname="transactions.tests.test_utils_models" name="test_transaction_str_and_defaults" time="0.010" /><testcase classname="transactions.tests.test_utils_models" name="test_transactions_ordered_newest_first" time="0.015" /><testcase classname="transactions.tests.test_utils_models" name="test_transaction_str_contains_no_owner_pii" time="0.009" /><testcase classname="transactions.tests.test_views_create" name="test_deposit_credits_balance_and_records_transaction" time="0.020" /><testcase classname="transactions.tests.test_views_create" name="test_deposit_unknown_account_404" time="0.007" /><testcase classname="transactions.tests.test_views_create" name="test_deposit_into_someone_elses_account_403" time="0.009" /><testcase classname="transactions.tests.test_views_create" name="test_deposit_validation_errors_400[payload0]" time="0.006" /><testcase classname="transactions.tests.test_views_create" name="test_deposit_validation_errors_400[payload1]" time="0.007" /><testcase classname="transactions.tests.test_views_create" name="test_deposit_validation_errors_400[payload2]" time="0.040" /><testcase classname="transactions.tests.test_views_create" name="test_deposit_validation_errors_400[payload3]" time="0.006" /><testcase classname="transactions.tests.test_views_create" name="test_transfer_same_currency_moves_funds" time="0.026" /><testcase classname="transactions.tests.test_views_create" name="test_transfer_cross_currency_applies_rate" time="0.025" /><testcase classname="transactions.tests.test_views_create" name="test_transfer_between_own_accounts_uses_self_notification" time="0.023" /><testcase classname="transactions.tests.test_views_create" name="test_transfer_to_same_account_rejected" time="0.010" /><testcase classname="transactions.tests.test_views_create" name="test_transfer_unknown_payer_404" time="0.008" /><testcase classname="transactions.tests.test_views_create" name="test_transfer_from_someone_elses_account_403_and_flags_owner" time="0.015" /><testcase classname="transactions.tests.test_views_create" name="test_transfer_unknown_payee_404" time="0.012" /><testcase classname="transactions.tests.test_views_create" name="test_transfer_insufficient_funds_403_no_side_effects" time="0.013" /><testcase classname="transactions.tests.test_views_create" name="test_transfer_exact_balance_allowed" time="0.025" /><testcase classname="transactions.tests.test_views_create" name="test_debit_card_payment_moves_funds_cross_currency" time="0.029" /><testcase classname="transactions.tests.test_views_create" name="test_debit_card_payment_to_own_other_account" time="0.023" /><testcase classname="transactions.tests.test_views_create" name="test_debit_card_unknown_payee_404" time="0.010" /><testcase classname="transactions.tests.test_views_create" name="test_debit_card_payee_not_owned_403" time="0.010" /><testcase classname="transactions.tests.test_views_create" name="test_debit_card_expiry_validation[13/30-Invalid month]" time="0.010" /><testcase classname="transactions.tests.test_views_create" name="test_debit_card_expiry_validation[00/30-Invalid month]" time="0.010" /><testcase classname="transactions.tests.test_views_create" name="test_debit_card_expiry_validation[01/20-Card has expired]" time="0.010" /><testcase classname="transactions.tests.test_views_create" name="test_debit_card_expiry_validation[12/100-Invalid year]" time="0.010" /><testcase classname="transactions.tests.test_views_create" name="test_debit_card_expiry_validation[garbage-Invalid expiry date]" time="0.010" /><testcase classname="transactions.tests.test_views_create" name="test_debit_card_expiry_validation[1230-Invalid expiry date]" time="0.010" /><testcase classname="transactions.tests.test_views_create" name="test_debit_card_expiry_validation[aa/bb-Invalid expiry date]" time="0.010" /><testcase classname="transactions.tests.test_views_create" name="test_debit_card_expired_this_year_earlier_month" time="0.011" /><testcase classname="transactions.tests.test_views_create" name="test_debit_card_luhn_failure" time="0.011" /><testcase classname="transactions.tests.test_views_create" name="test_debit_card_details_mismatch[cvv-999]" time="0.012" /><testcase classname="transactions.tests.test_views_create" name="test_debit_card_details_mismatch[card_number-4111111111111111]" time="0.013" /><testcase classname="transactions.tests.test_views_create" name="test_debit_card_details_mismatch[expiration_date-09/28]" time="0.012" /><testcase classname="transactions.tests.test_views_create" name="test_debit_card_same_account_rejected" time="0.014" /><testcase classname="transactions.tests.test_views_create" name="test_debit_card_insufficient_funds" time="0.019" /><testcase classname="transactions.tests.test_views_read" name="test_history_role_filters[transaction_history-params0-expected0]" time="0.068" /><testcase classname="transactions.tests.test_views_read" name="test_history_role_filters[transaction_history-params1-expected1]" time="0.063" /><testcase classname="transactions.tests.test_views_read" name="test_history_role_filters[transaction_history-params2-expected2]" time="0.067" /><testcase classname="transactions.tests.test_views_read" name="test_history_role_filters[transfer_history-params3-expected3]" time="0.063" /><testcase classname="transactions.tests.test_views_read" name="test_history_role_filters[transfer_history-params4-expected4]" time="0.059" /><testcase classname="transactions.tests.test_views_read" name="test_history_role_filters[transfer_history-params5-expected5]" time="0.060" /><testcase classname="transactions.tests.test_views_read" name="test_history_role_filters[debit_card_transactions_history-params6-expected6]" time="0.058" /><testcase classname="transactions.tests.test_views_read" name="test_history_role_filters[debit_card_transactions_history-params7-expected7]" time="0.048" /><testcase classname="transactions.tests.test_views_read" name="test_history_role_filters[debit_card_transactions_history-params8-expected8]" time="0.056" /><testcase classname="transactions.tests.test_views_read" name="test_history_role_filters[deposit_list-params9-expected9]" time="0.054" /><testcase classname="transactions.tests.test_views_read" name="test_history_account_number_filter[None-transaction_history]" time="0.054" /><testcase classname="transactions.tests.test_views_read" name="test_history_account_number_filter[None-transfer_history]" time="0.054" /><testcase classname="transactions.tests.test_views_read" name="test_history_account_number_filter[None-debit_card_transactions_history]" time="0.043" /><testcase classname="transactions.tests.test_views_read" name="test_history_account_number_filter[payer-transaction_history]" time="0.041" /><testcase classname="transactions.tests.test_views_read" name="test_history_account_number_filter[payer-transfer_history]" time="0.043" /><testcase classname="transactions.tests.test_views_read" name="test_history_account_number_filter[payer-debit_card_transactions_history]" time="0.043" /><testcase classname="transactions.tests.test_views_read" name="test_history_account_number_filter[payee-transaction_history]" time="0.050" /><testcase classname="transactions.tests.test_views_read" name="test_history_account_number_filter[payee-transfer_history]" time="0.049" /><testcase classname="transactions.tests.test_views_read" name="test_history_account_number_filter[payee-debit_card_transactions_history]" time="0.042" /><testcase classname="transactions.tests.test_views_read" name="test_history_pagination" time="0.048" /><testcase classname="transactions.tests.test_views_read" name="test_transaction_detail_owner" time="0.051" /><testcase classname="transactions.tests.test_views_read" name="test_transaction_detail_404" time="0.006" /><testcase classname="transactions.tests.test_views_read" name="test_transaction_detail_view_by_other_party_raises_security_notification" time="0.054" /><testcase classname="transactions.tests.test_views_read" name="test_transaction_detail_view_by_admin_labels_administrator" time="0.053" /><testcase classname="transactions.tests.test_views_read" name="test_deposit_detail_owner" time="0.093" /><testcase classname="transactions.tests.test_views_read" name="test_deposit_detail_404_for_non_deposit" time="0.041" /><testcase classname="transactions.tests.test_views_read" name="test_transfer_and_card_detail_visible_to_both_parties[sent-transfer_detail]" time="0.057" /><testcase classname="transactions.tests.test_views_read" name="test_transfer_and_card_detail_visible_to_both_parties[card-debit_card_transaction_detail]" time="0.058" /><testcase classname="transactions.tests.test_views_read" name="test_transfer_and_card_detail_404[transfer_detail]" time="0.044" /><testcase classname="transactions.tests.test_views_read" name="test_transfer_and_card_detail_404[debit_card_transaction_detail]" time="0.049" /><testcase classname="virtual_bank.tests.test_logging" name="test_request_id_middleware_generates_and_echoes_header" time="0.010" /><testcase classname="virtual_bank.tests.test_logging" name="test_deposit_emits_created_event_with_ids_only" time="0.018" /><testcase classname="virtual_bank.tests.test_logging" name="test_transfer_rejections_emit_warning_with_reason" time="0.018" /><testcase classname="virtual_bank.tests.test_logging" name="test_debit_card_events_never_include_card_number" time="0.026" /><testcase classname="virtual_bank.tests.test_logging" name="test_redaction_filter_catches_accidental_pii_in_transactions_logger" time="0.005" /><testcase classname="transactions.tests.test_utils_models" name="test_convert_currency[amount0-USD-USD-expected0]" time="0.002" /><testcase classname="transactions.tests.test_utils_models" name="test_convert_currency[amount1-USD-EUR-expected1]" time="0.001" /><testcase classname="transactions.tests.test_utils_models" name="test_convert_currency[amount2-EUR-USD-expected2]" time="0.001" /><testcase classname="transactions.tests.test_utils_models" name="test_convert_currency[amount3-USD-NGN-expected3]" time="0.001" /><testcase classname="transactions.tests.test_utils_models" name="test_convert_currency[amount4-GBP-JPY-expected4]" time="0.001" /><testcase classname="transactions.tests.test_utils_models" name="test_convert_currency_rejects_unknown_codes[XXX-USD]" time="0.002" /><testcase classname="transactions.tests.test_utils_models" name="test_convert_currency_rejects_unknown_codes[USD-XXX]" time="0.001" /><testcase classname="transactions.tests.test_utils_models" name="test_convert_currency_rejects_unknown_codes[-]" time="0.001" /><testcase classname="transactions.tests.test_utils_models" name="test_pagination_bounds" time="0.003" /><testcase classname="virtual_bank.tests.test_logging" name="test_redact_masks_pii[ssn 123-45-6789 end-ssn [REDACTED] end]" time="0.002" /><testcase classname="virtual_bank.tests.test_logging" name="test_redact_masks_pii[card 4111111111111111-card ****1111]" time="0.001" /><testcase classname="virtual_bank.tests.test_logging" name="test_redact_masks_pii[card 4111 1111 1111 1111-card ****1111]" time="0.001" /><testcase classname="virtual_bank.tests.test_logging" name="test_redact_masks_pii[card 4111-1111-1111-1111-card ****1111]" time="0.001" /><testcase classname="virtual_bank.tests.test_logging" name="test_redact_masks_pii[acct 987654321012-acct [REDACTED]]" time="0.002" /><testcase classname="virtual_bank.tests.test_logging" name="test_redact_masks_pii[mail jane.doe@example.com-mail [REDACTED]]" time="0.001" /><testcase classname="virtual_bank.tests.test_logging" name="test_redact_masks_pii[tel (555) 123-4567-tel [REDACTED]]" time="0.001" /><testcase classname="virtual_bank.tests.test_logging" name="test_redact_masks_pii[tel 555-123-4567-tel [REDACTED]]" time="0.001" /><testcase classname="virtual_bank.tests.test_logging" name="test_redact_masks_pii[digits 1234567890123 (not luhn)-digits [REDACTED] (not luhn)]" time="0.001" /><testcase classname="virtual_bank.tests.test_logging" name="test_redact_leaves_non_pii_alone[transfer.created actor_id=42 transaction_id=1 amount_sent=1000.00 currency_sent=USD]" time="0.001" /><testcase classname="virtual_bank.tests.test_logging" name="test_redact_leaves_non_pii_alone[rate=1.176470 amount=85.00]" time="0.001" /><testcase classname="virtual_bank.tests.test_logging" name="test_redact_leaves_non_pii_alone[2025-01-31 12:00:00 INFO]" time="0.001" /><testcase classname="virtual_bank.tests.test_logging" name="test_redact_leaves_non_pii_alone[account_id=123456789]" time="0.001" /><testcase classname="virtual_bank.tests.test_logging" name="test_redact_leaves_non_pii_alone[reason='insufficient_funds']" time="0.001" /><testcase classname="virtual_bank.tests.test_logging" name="test_redact_leaves_non_pii_alone[transaction_id=73670aaa-547b-4277-b7ff-6994397108af]" time="0.001" /><testcase classname="virtual_bank.tests.test_logging" name="test_redact_coerces_non_strings" time="0.001" /><testcase classname="virtual_bank.tests.test_logging" name="test_filter_redacts_integer_args_that_look_like_numbers" time="0.001" /><testcase classname="virtual_bank.tests.test_logging" name="test_filter_scrubs_message_args_and_extra" time="0.001" /><testcase classname="virtual_bank.tests.test_logging" name="test_filter_handles_dict_args" time="0.001" /><testcase classname="virtual_bank.tests.test_logging" name="test_filter_leaves_standard_attrs_untouched" time="0.001" /><testcase classname="virtual_bank.tests.test_logging" name="test_logging_config_attaches_redaction_to_every_handler" time="0.001" /><testcase classname="virtual_bank.tests.test_logging" name="test_live_root_handlers_have_redaction_filter" time="0.001" /><testcase classname="virtual_bank.tests.test_logging" name="test_request_id_filter_defaults_to_dash_outside_request" time="0.002" /></testsuite></testsuites>